<?xml version="1.0" encoding="UTF-8"?>
<testsuite name="com.katta.test.validator.TradeValidatorTest" tests="1" skipped="0" failures="0" errors="0" timestamp="2020-01-19T13:25:14" hostname="DESKTOP-DHIESSE" time="0.004">
  <properties/>
  <testcase name="testValidateVersionForStoredHigherVersionTradeIds" classname="com.katta.test.validator.TradeValidatorTest" time="0.004"/>
  <system-out><![CDATA[]]></system-out>
  <system-err><![CDATA[]]></system-err>
</testsuite>
